POST method to '/api/korisnici/dmatijani/prijava' at Sat, 27 Apr 2024 21:56:19 GMT, got status 400 and content length 60 in response time 66.480ms, body: {"mail":"david.matijanic@gmail.com","lozinka":"c1r2e3p4","totp":"714417","korime":"dmatijani"}
POST method to '/api/korisnici/dmatijani/prijava' at Sat, 27 Apr 2024 21:56:26 GMT, got status 201 and content length 22 in response time 33.546ms, body: {"mail":"david.matijanic@gmail.com","lozinka":"c1r2e3p4","totp":"599720","korime":"dmatijani"}
GET method to '/api/korisnici/dmatijani/prijava' at Sat, 27 Apr 2024 21:56:31 GMT, got status 201 and content length 31 in response time 20.755ms
PUT method to '/api/pitanja/30/7' at Sat, 27 Apr 2024 21:56:43 GMT, got status 401 and content length 27 in response time 21.179ms
GET method to '/' at Sat, 11 May 2024 15:03:56 GMT, got status 302 and content length 60 in response time 3.076ms
GET method to '/prijava' at Sat, 11 May 2024 15:03:56 GMT, got status 200 and content length 1252 in response time 2.223ms
GET method to '/css' at Sat, 11 May 2024 15:03:56 GMT, got status 200 and content length 6498 in response time 3.547ms
GET method to '/js/prijava.js' at Sat, 11 May 2024 15:03:56 GMT, got status 200 and content length 1505 in response time 2.242ms
GET method to '/favicon.ico' at Sat, 11 May 2024 15:03:56 GMT, got status 302 and content length 30 in response time 1.034ms
GET method to '/prijava' at Sat, 11 May 2024 15:03:56 GMT, got status 304 and content length undefined in response time 1.051ms
GET method to '/registracija' at Sat, 11 May 2024 15:04:01 GMT, got status 200 and content length 1432 in response time 1.570ms
GET method to '/css' at Sat, 11 May 2024 15:04:01 GMT, got status 304 and content length undefined in response time 1.206ms
GET method to '/js/registracija.js' at Sat, 11 May 2024 15:04:01 GMT, got status 200 and content length 1469 in response time 3.236ms
GET method to '/favicon.ico' at Sat, 11 May 2024 15:04:01 GMT, got status 302 and content length 30 in response time 0.651ms
GET method to '/prijava' at Sat, 11 May 2024 15:04:01 GMT, got status 304 and content length undefined in response time 1.127ms
GET method to '/' at Sat, 11 May 2024 15:05:04 GMT, got status 302 and content length 60 in response time 4.209ms
GET method to '/prijava' at Sat, 11 May 2024 15:05:04 GMT, got status 304 and content length undefined in response time 1.940ms
GET method to '/css' at Sat, 11 May 2024 15:05:04 GMT, got status 304 and content length undefined in response time 1.760ms
GET method to '/js/prijava.js' at Sat, 11 May 2024 15:05:04 GMT, got status 304 and content length undefined in response time 1.079ms
GET method to '/favicon.ico' at Sat, 11 May 2024 15:05:04 GMT, got status 302 and content length 30 in response time 0.879ms
GET method to '/prijava' at Sat, 11 May 2024 15:05:04 GMT, got status 304 and content length undefined in response time 1.311ms
GET method to '/registracija' at Sat, 11 May 2024 15:05:06 GMT, got status 304 and content length undefined in response time 1.293ms
GET method to '/js/registracija.js' at Sat, 11 May 2024 15:05:06 GMT, got status 304 and content length undefined in response time 0.996ms
GET method to '/css' at Sat, 11 May 2024 15:05:06 GMT, got status 304 and content length undefined in response time 1.112ms
GET method to '/favicon.ico' at Sat, 11 May 2024 15:05:06 GMT, got status 302 and content length 30 in response time 0.847ms
GET method to '/prijava' at Sat, 11 May 2024 15:05:06 GMT, got status 304 and content length undefined in response time 0.874ms
POST method to '/api/korisnici' at Sat, 11 May 2024 15:05:52 GMT, got status 201 and content length 74 in response time 1559.489ms, body: {"korime":"Viktor","lozinka":"123","mail":"melal72644@bsomek.com"}
GET method to '/prijava' at Sat, 11 May 2024 15:05:52 GMT, got status 304 and content length undefined in response time 2.123ms
GET method to '/css' at Sat, 11 May 2024 15:05:52 GMT, got status 304 and content length undefined in response time 0.611ms
GET method to '/js/prijava.js' at Sat, 11 May 2024 15:05:52 GMT, got status 304 and content length undefined in response time 0.437ms
GET method to '/favicon.ico' at Sat, 11 May 2024 15:05:52 GMT, got status 302 and content length 30 in response time 0.532ms
GET method to '/prijava' at Sat, 11 May 2024 15:05:52 GMT, got status 304 and content length undefined in response time 1.053ms
GET method to '/api/korisnici/aktiviraj/Viktor?token=1362fcfc9d4ff060db2b9a470c2484bec09b3e8b3f188a3ea601af68331177c8eb2e3159cc13e94fa3f181cf5509518fb8b2cd77c018db85bb2b5cee16acd11e2bd58c52cbabe8a6f9829426872b5712c488ad042e52592aa1f22accfbbaada297732efa65da5fc4822bc4ebdd500d82604ec2e5e58afeb7639283b9d3145f04' at Sat, 11 May 2024 15:06:02 GMT, got status 200 and content length 1310 in response time 7.306ms
GET method to '/css' at Sat, 11 May 2024 15:06:02 GMT, got status 304 and content length undefined in response time 0.723ms
GET method to '/favicon.ico' at Sat, 11 May 2024 15:06:02 GMT, got status 302 and content length 30 in response time 0.460ms
GET method to '/prijava' at Sat, 11 May 2024 15:06:02 GMT, got status 304 and content length undefined in response time 1.209ms
GET method to '/pocetna' at Sat, 11 May 2024 15:06:23 GMT, got status 302 and content length 60 in response time 0.417ms
GET method to '/prijava' at Sat, 11 May 2024 15:06:23 GMT, got status 304 and content length undefined in response time 1.080ms
GET method to '/css' at Sat, 11 May 2024 15:06:23 GMT, got status 304 and content length undefined in response time 0.616ms
GET method to '/js/prijava.js' at Sat, 11 May 2024 15:06:23 GMT, got status 304 and content length undefined in response time 0.410ms
GET method to '/favicon.ico' at Sat, 11 May 2024 15:06:23 GMT, got status 302 and content length 30 in response time 0.734ms
GET method to '/prijava' at Sat, 11 May 2024 15:06:23 GMT, got status 304 and content length undefined in response time 1.035ms
POST method to '/api/korisnici/Viktor/prijava' at Sat, 11 May 2024 15:06:42 GMT, got status 201 and content length 19 in response time 3.359ms, body: {"korime":"Viktor","lozinka":"123","totp":"619841"}
GET method to '/pocetna' at Sat, 11 May 2024 15:06:42 GMT, got status 200 and content length 1315 in response time 1.182ms
GET method to '/js/pocetna.js' at Sat, 11 May 2024 15:06:42 GMT, got status 200 and content length 4289 in response time 1.433ms
GET method to '/css' at Sat, 11 May 2024 15:06:42 GMT, got status 304 and content length undefined in response time 0.632ms
GET method to '/favicon.ico' at Sat, 11 May 2024 15:06:43 GMT, got status 302 and content length 30 in response time 0.468ms
GET method to '/api/korisnici/Viktor/prijava' at Sat, 11 May 2024 15:06:43 GMT, got status 201 and content length 31 in response time 4.274ms
GET method to '/pocetna' at Sat, 11 May 2024 15:06:43 GMT, got status 304 and content length undefined in response time 1.176ms
GET method to '/api/pitanja?str=1' at Sat, 11 May 2024 15:06:43 GMT, got status 200 and content length 582 in response time 7.005ms
GET method to '/odjava' at Sat, 11 May 2024 15:06:45 GMT, got status 302 and content length 60 in response time 0.815ms
GET method to '/' at Sat, 11 May 2024 15:08:23 GMT, got status 302 and content length 60 in response time 3.661ms
GET method to '/prijava' at Sat, 11 May 2024 15:08:23 GMT, got status 200 and content length 1252 in response time 2.028ms
GET method to '/css' at Sat, 11 May 2024 15:08:23 GMT, got status 304 and content length undefined in response time 1.524ms
GET method to '/js/prijava.js' at Sat, 11 May 2024 15:08:23 GMT, got status 304 and content length undefined in response time 0.997ms
GET method to '/favicon.ico' at Sat, 11 May 2024 15:08:23 GMT, got status 302 and content length 30 in response time 0.793ms
GET method to '/prijava' at Sat, 11 May 2024 15:08:23 GMT, got status 304 and content length undefined in response time 1.388ms
POST method to '/api/korisnici/Viktor/prijava' at Sat, 11 May 2024 15:08:33 GMT, got status 417 and content length 38 in response time 1.011ms, body: {"korime":"Viktor","lozinka":"123","totp":"a"}
POST method to '/api/korisnici/Viktor/prijava' at Sat, 11 May 2024 15:08:36 GMT, got status 417 and content length 38 in response time 0.472ms, body: {"korime":"Viktor","lozinka":"123","totp":"1"}
POST method to '/api/korisnici/Viktor/prijava' at Sat, 11 May 2024 15:08:42 GMT, got status 400 and content length 31 in response time 2.461ms, body: {"korime":"Viktor","lozinka":"1","totp":"588963"}
POST method to '/api/korisnici/Viktor/prijava' at Sat, 11 May 2024 15:08:45 GMT, got status 201 and content length 19 in response time 4.800ms, body: {"korime":"Viktor","lozinka":"123","totp":"588963"}
GET method to '/pocetna' at Sat, 11 May 2024 15:08:45 GMT, got status 200 and content length 1315 in response time 2.127ms
GET method to '/css' at Sat, 11 May 2024 15:08:45 GMT, got status 304 and content length undefined in response time 0.735ms
GET method to '/js/pocetna.js' at Sat, 11 May 2024 15:08:45 GMT, got status 304 and content length undefined in response time 0.749ms
GET method to '/api/korisnici/Viktor/prijava' at Sat, 11 May 2024 15:08:45 GMT, got status 201 and content length 31 in response time 3.796ms
GET method to '/favicon.ico' at Sat, 11 May 2024 15:08:45 GMT, got status 302 and content length 30 in response time 0.845ms
GET method to '/pocetna' at Sat, 11 May 2024 15:08:45 GMT, got status 304 and content length undefined in response time 1.838ms
GET method to '/api/pitanja?str=1' at Sat, 11 May 2024 15:08:45 GMT, got status 304 and content length undefined in response time 8.197ms
GET method to '/pocetna' at Sat, 11 May 2024 15:08:53 GMT, got status 304 and content length undefined in response time 1.577ms
GET method to '/css' at Sat, 11 May 2024 15:08:53 GMT, got status 304 and content length undefined in response time 0.816ms
GET method to '/js/pocetna.js' at Sat, 11 May 2024 15:08:53 GMT, got status 304 and content length undefined in response time 0.362ms
GET method to '/api/korisnici/Viktor/prijava' at Sat, 11 May 2024 15:08:53 GMT, got status 201 and content length 31 in response time 2.186ms
GET method to '/favicon.ico' at Sat, 11 May 2024 15:08:53 GMT, got status 302 and content length 30 in response time 0.436ms
GET method to '/pocetna' at Sat, 11 May 2024 15:08:53 GMT, got status 304 and content length undefined in response time 2.584ms
GET method to '/api/pitanja?str=1' at Sat, 11 May 2024 15:08:53 GMT, got status 304 and content length undefined in response time 6.155ms
GET method to '/novo-pitanje' at Sat, 11 May 2024 15:08:54 GMT, got status 200 and content length 1187 in response time 1.478ms
GET method to '/css' at Sat, 11 May 2024 15:08:54 GMT, got status 304 and content length undefined in response time 0.898ms
GET method to '/js/novo-pitanje.js' at Sat, 11 May 2024 15:08:54 GMT, got status 200 and content length 4265 in response time 1.546ms
GET method to '/favicon.ico' at Sat, 11 May 2024 15:08:54 GMT, got status 302 and content length 30 in response time 0.428ms
GET method to '/pocetna' at Sat, 11 May 2024 15:08:54 GMT, got status 304 and content length undefined in response time 1.121ms
GET method to '/api/korisnici/Viktor/prijava' at Sat, 11 May 2024 15:09:15 GMT, got status 201 and content length 31 in response time 2.589ms
POST method to '/api/pitanja' at Sat, 11 May 2024 15:09:15 GMT, got status 201 and content length 33 in response time 8.597ms, body: {"pitanje":"Backend i frontend spojeni","odabiri":[{"tekst":"Ajmo"},{"tekst":"Ne radi"}]}
GET method to '/pocetna' at Sat, 11 May 2024 15:09:15 GMT, got status 304 and content length undefined in response time 0.904ms
GET method to '/css' at Sat, 11 May 2024 15:09:15 GMT, got status 304 and content length undefined in response time 0.805ms
GET method to '/js/pocetna.js' at Sat, 11 May 2024 15:09:15 GMT, got status 304 and content length undefined in response time 0.730ms
GET method to '/api/korisnici/Viktor/prijava' at Sat, 11 May 2024 15:09:15 GMT, got status 201 and content length 31 in response time 1.752ms
GET method to '/favicon.ico' at Sat, 11 May 2024 15:09:15 GMT, got status 302 and content length 30 in response time 0.485ms
GET method to '/pocetna' at Sat, 11 May 2024 15:09:15 GMT, got status 304 and content length undefined in response time 0.790ms
GET method to '/api/pitanja?str=1' at Sat, 11 May 2024 15:09:15 GMT, got status 200 and content length 810 in response time 7.115ms
GET method to '/odjava' at Sat, 11 May 2024 15:09:54 GMT, got status 302 and content length 60 in response time 0.969ms
GET method to '/' at Sat, 11 May 2024 15:14:35 GMT, got status 302 and content length 60 in response time 3.731ms
GET method to '/prijava' at Sat, 11 May 2024 15:14:35 GMT, got status 304 and content length undefined in response time 2.016ms
GET method to '/css' at Sat, 11 May 2024 15:14:35 GMT, got status 304 and content length undefined in response time 1.568ms
GET method to '/js/prijava.js' at Sat, 11 May 2024 15:14:35 GMT, got status 304 and content length undefined in response time 1.208ms
GET method to '/favicon.ico' at Sat, 11 May 2024 15:14:35 GMT, got status 302 and content length 30 in response time 0.749ms
GET method to '/prijava' at Sat, 11 May 2024 15:14:35 GMT, got status 304 and content length undefined in response time 1.655ms
POST method to '/api/korisnici/Viktor/prijava' at Sat, 11 May 2024 15:14:47 GMT, got status 201 and content length 19 in response time 3.664ms, body: {"korime":"Viktor","lozinka":"123","totp":"519518"}
GET method to '/pocetna' at Sat, 11 May 2024 15:14:47 GMT, got status 304 and content length undefined in response time 1.459ms
GET method to '/css' at Sat, 11 May 2024 15:14:47 GMT, got status 304 and content length undefined in response time 0.779ms
GET method to '/js/pocetna.js' at Sat, 11 May 2024 15:14:47 GMT, got status 304 and content length undefined in response time 0.890ms
GET method to '/api/korisnici/Viktor/prijava' at Sat, 11 May 2024 15:14:48 GMT, got status 201 and content length 31 in response time 3.885ms
GET method to '/favicon.ico' at Sat, 11 May 2024 15:14:48 GMT, got status 302 and content length 30 in response time 0.713ms
GET method to '/pocetna' at Sat, 11 May 2024 15:14:48 GMT, got status 304 and content length undefined in response time 0.956ms
GET method to '/api/pitanja?str=1' at Sat, 11 May 2024 15:14:48 GMT, got status 304 and content length undefined in response time 8.939ms
GET method to '/odjava' at Sat, 11 May 2024 15:14:49 GMT, got status 200 and content length 780 in response time 2.660ms
GET method to '/' at Sat, 11 May 2024 15:15:24 GMT, got status 302 and content length 60 in response time 4.097ms
GET method to '/prijava' at Sat, 11 May 2024 15:15:24 GMT, got status 200 and content length 1252 in response time 2.197ms
GET method to '/css' at Sat, 11 May 2024 15:15:24 GMT, got status 304 and content length undefined in response time 1.847ms
GET method to '/js/prijava.js' at Sat, 11 May 2024 15:15:24 GMT, got status 304 and content length undefined in response time 1.391ms
GET method to '/favicon.ico' at Sat, 11 May 2024 15:15:25 GMT, got status 302 and content length 30 in response time 0.793ms
GET method to '/prijava' at Sat, 11 May 2024 15:15:25 GMT, got status 304 and content length undefined in response time 1.594ms
POST method to '/api/korisnici/Viktor/prijava' at Sat, 11 May 2024 15:15:36 GMT, got status 201 and content length 19 in response time 3.637ms, body: {"korime":"Viktor","lozinka":"123","totp":"654308"}
GET method to '/pocetna' at Sat, 11 May 2024 15:15:36 GMT, got status 304 and content length undefined in response time 1.488ms
GET method to '/css' at Sat, 11 May 2024 15:15:36 GMT, got status 304 and content length undefined in response time 0.823ms
GET method to '/js/pocetna.js' at Sat, 11 May 2024 15:15:36 GMT, got status 304 and content length undefined in response time 0.722ms
GET method to '/api/korisnici/Viktor/prijava' at Sat, 11 May 2024 15:15:36 GMT, got status 201 and content length 31 in response time 3.569ms
GET method to '/favicon.ico' at Sat, 11 May 2024 15:15:36 GMT, got status 302 and content length 30 in response time 0.708ms
GET method to '/pocetna' at Sat, 11 May 2024 15:15:36 GMT, got status 304 and content length undefined in response time 1.229ms
GET method to '/api/pitanja?str=1' at Sat, 11 May 2024 15:15:36 GMT, got status 304 and content length undefined in response time 8.737ms
GET method to '/odjava' at Sat, 11 May 2024 15:15:38 GMT, got status 304 and content length undefined in response time 2.225ms
GET method to '/' at Sat, 11 May 2024 15:16:00 GMT, got status 302 and content length 60 in response time 5.091ms
GET method to '/prijava' at Sat, 11 May 2024 15:16:00 GMT, got status 304 and content length undefined in response time 3.836ms
GET method to '/css' at Sat, 11 May 2024 15:16:00 GMT, got status 304 and content length undefined in response time 1.698ms
GET method to '/js/prijava.js' at Sat, 11 May 2024 15:16:00 GMT, got status 304 and content length undefined in response time 1.451ms
GET method to '/favicon.ico' at Sat, 11 May 2024 15:16:00 GMT, got status 302 and content length 30 in response time 1.261ms
GET method to '/prijava' at Sat, 11 May 2024 15:16:00 GMT, got status 304 and content length undefined in response time 1.105ms
POST method to '/api/korisnici/Viktor/prijava' at Sat, 11 May 2024 15:16:08 GMT, got status 201 and content length 19 in response time 3.564ms, body: {"korime":"Viktor","lozinka":"123","totp":"951233"}
GET method to '/pocetna' at Sat, 11 May 2024 15:16:08 GMT, got status 304 and content length undefined in response time 1.369ms
GET method to '/css' at Sat, 11 May 2024 15:16:08 GMT, got status 304 and content length undefined in response time 0.825ms
GET method to '/js/pocetna.js' at Sat, 11 May 2024 15:16:08 GMT, got status 304 and content length undefined in response time 0.773ms
GET method to '/api/korisnici/Viktor/prijava' at Sat, 11 May 2024 15:16:08 GMT, got status 201 and content length 31 in response time 3.824ms
GET method to '/favicon.ico' at Sat, 11 May 2024 15:16:08 GMT, got status 302 and content length 30 in response time 0.575ms
GET method to '/pocetna' at Sat, 11 May 2024 15:16:08 GMT, got status 304 and content length undefined in response time 3.873ms
GET method to '/api/pitanja?str=1' at Sat, 11 May 2024 15:16:08 GMT, got status 304 and content length undefined in response time 11.535ms
GET method to '/odjava' at Sat, 11 May 2024 15:16:09 GMT, got status 304 and content length undefined in response time 2.199ms
GET method to '/' at Sat, 11 May 2024 15:21:54 GMT, got status 302 and content length 60 in response time 4.202ms
GET method to '/prijava' at Sat, 11 May 2024 15:21:54 GMT, got status 304 and content length undefined in response time 2.173ms
GET method to '/css' at Sat, 11 May 2024 15:21:54 GMT, got status 304 and content length undefined in response time 1.628ms
GET method to '/js/prijava.js' at Sat, 11 May 2024 15:21:54 GMT, got status 304 and content length undefined in response time 2.323ms
GET method to '/favicon.ico' at Sat, 11 May 2024 15:21:54 GMT, got status 302 and content length 30 in response time 0.770ms
GET method to '/prijava' at Sat, 11 May 2024 15:21:54 GMT, got status 304 and content length undefined in response time 1.237ms
POST method to '/api/korisnici/Viktor/prijava' at Sat, 11 May 2024 15:22:03 GMT, got status 201 and content length 19 in response time 3.466ms, body: {"korime":"Viktor","lozinka":"123","totp":"614923"}
GET method to '/pocetna' at Sat, 11 May 2024 15:22:03 GMT, got status 304 and content length undefined in response time 2.031ms
GET method to '/css' at Sat, 11 May 2024 15:22:03 GMT, got status 304 and content length undefined in response time 0.990ms
GET method to '/js/pocetna.js' at Sat, 11 May 2024 15:22:03 GMT, got status 304 and content length undefined in response time 1.106ms
GET method to '/api/korisnici/Viktor/prijava' at Sat, 11 May 2024 15:22:03 GMT, got status 201 and content length 31 in response time 2.798ms
GET method to '/favicon.ico' at Sat, 11 May 2024 15:22:03 GMT, got status 302 and content length 30 in response time 0.703ms
GET method to '/pocetna' at Sat, 11 May 2024 15:22:03 GMT, got status 304 and content length undefined in response time 1.046ms
GET method to '/api/pitanja?str=1' at Sat, 11 May 2024 15:22:03 GMT, got status 304 and content length undefined in response time 8.890ms
GET method to '/odjava' at Sat, 11 May 2024 15:22:05 GMT, got status 200 and content length 839 in response time 2.082ms
GET method to '/css' at Sat, 11 May 2024 15:22:05 GMT, got status 304 and content length undefined in response time 0.688ms
GET method to '/favicon.ico' at Sat, 11 May 2024 15:22:05 GMT, got status 302 and content length 30 in response time 0.433ms
GET method to '/prijava' at Sat, 11 May 2024 15:22:05 GMT, got status 304 and content length undefined in response time 0.881ms
GET method to '/prijava' at Sat, 11 May 2024 15:22:10 GMT, got status 304 and content length undefined in response time 1.664ms
GET method to '/css' at Sat, 11 May 2024 15:22:10 GMT, got status 304 and content length undefined in response time 0.601ms
GET method to '/js/prijava.js' at Sat, 11 May 2024 15:22:10 GMT, got status 304 and content length undefined in response time 0.495ms
GET method to '/favicon.ico' at Sat, 11 May 2024 15:22:10 GMT, got status 302 and content length 30 in response time 0.450ms
GET method to '/prijava' at Sat, 11 May 2024 15:22:10 GMT, got status 304 and content length undefined in response time 0.987ms
GET method to '/' at Sat, 11 May 2024 15:27:57 GMT, got status 302 and content length 60 in response time 4.615ms
GET method to '/prijava' at Sat, 11 May 2024 15:27:57 GMT, got status 304 and content length undefined in response time 3.052ms
GET method to '/css' at Sat, 11 May 2024 15:27:57 GMT, got status 200 and content length 6498 in response time 5.045ms
GET method to '/js/prijava.js' at Sat, 11 May 2024 15:27:57 GMT, got status 200 and content length 1505 in response time 2.681ms
GET method to '/favicon.ico' at Sat, 11 May 2024 15:27:57 GMT, got status 302 and content length 30 in response time 1.193ms
GET method to '/prijava' at Sat, 11 May 2024 15:27:57 GMT, got status 304 and content length undefined in response time 1.595ms
POST method to '/api/korisnici/Viktor/prijava' at Sat, 11 May 2024 15:28:10 GMT, got status 201 and content length 19 in response time 3.662ms, body: {"korime":"Viktor","lozinka":"123","totp":"665182"}
GET method to '/pocetna' at Sat, 11 May 2024 15:28:10 GMT, got status 304 and content length undefined in response time 1.675ms
GET method to '/css' at Sat, 11 May 2024 15:28:10 GMT, got status 304 and content length undefined in response time 0.930ms
GET method to '/js/pocetna.js' at Sat, 11 May 2024 15:28:10 GMT, got status 200 and content length 4289 in response time 1.299ms
GET method to '/favicon.ico' at Sat, 11 May 2024 15:28:10 GMT, got status 302 and content length 30 in response time 0.723ms
GET method to '/api/korisnici/Viktor/prijava' at Sat, 11 May 2024 15:28:10 GMT, got status 201 and content length 31 in response time 4.353ms
GET method to '/pocetna' at Sat, 11 May 2024 15:28:10 GMT, got status 304 and content length undefined in response time 4.125ms
GET method to '/api/pitanja?str=1' at Sat, 11 May 2024 15:28:10 GMT, got status 304 and content length undefined in response time 8.272ms
GET method to '/odjava' at Sat, 11 May 2024 15:28:11 GMT, got status 200 and content length 839 in response time 1.979ms
GET method to '/css' at Sat, 11 May 2024 15:28:11 GMT, got status 304 and content length undefined in response time 0.631ms
GET method to '/favicon.ico' at Sat, 11 May 2024 15:28:11 GMT, got status 302 and content length 30 in response time 0.424ms
GET method to '/prijava' at Sat, 11 May 2024 15:28:11 GMT, got status 304 and content length undefined in response time 0.785ms
GET method to '/prijava' at Sat, 11 May 2024 15:28:14 GMT, got status 304 and content length undefined in response time 1.985ms
GET method to '/js/prijava.js' at Sat, 11 May 2024 15:28:14 GMT, got status 304 and content length undefined in response time 0.723ms
GET method to '/css' at Sat, 11 May 2024 15:28:14 GMT, got status 304 and content length undefined in response time 0.552ms
GET method to '/favicon.ico' at Sat, 11 May 2024 15:28:15 GMT, got status 302 and content length 30 in response time 0.756ms
GET method to '/prijava' at Sat, 11 May 2024 15:28:15 GMT, got status 304 and content length undefined in response time 0.907ms
POST method to '/api/korisnici/Viktor/prijava' at Sat, 11 May 2024 15:28:53 GMT, got status 201 and content length 19 in response time 2.055ms, body: {"korime":"Viktor","lozinka":"123","totp":"665182"}
GET method to '/pocetna' at Sat, 11 May 2024 15:28:53 GMT, got status 304 and content length undefined in response time 0.808ms
GET method to '/css' at Sat, 11 May 2024 15:28:53 GMT, got status 304 and content length undefined in response time 0.604ms
GET method to '/js/pocetna.js' at Sat, 11 May 2024 15:28:53 GMT, got status 304 and content length undefined in response time 0.612ms
GET method to '/api/korisnici/Viktor/prijava' at Sat, 11 May 2024 15:28:53 GMT, got status 201 and content length 31 in response time 2.217ms
GET method to '/favicon.ico' at Sat, 11 May 2024 15:28:53 GMT, got status 302 and content length 30 in response time 0.494ms
GET method to '/pocetna' at Sat, 11 May 2024 15:28:53 GMT, got status 304 and content length undefined in response time 0.775ms
GET method to '/api/pitanja?str=1' at Sat, 11 May 2024 15:28:53 GMT, got status 304 and content length undefined in response time 6.144ms
GET method to '/' at Sat, 11 May 2024 15:55:04 GMT, got status 302 and content length 60 in response time 3.779ms
GET method to '/prijava' at Sat, 11 May 2024 15:55:04 GMT, got status 304 and content length undefined in response time 2.361ms
GET method to '/css' at Sat, 11 May 2024 15:55:04 GMT, got status 304 and content length undefined in response time 2.131ms
GET method to '/js/prijava.js' at Sat, 11 May 2024 15:55:04 GMT, got status 304 and content length undefined in response time 1.482ms
GET method to '/favicon.ico' at Sat, 11 May 2024 15:55:04 GMT, got status 302 and content length 30 in response time 1.281ms
GET method to '/prijava' at Sat, 11 May 2024 15:55:04 GMT, got status 304 and content length undefined in response time 2.188ms
GET method to '/registracija' at Sat, 11 May 2024 15:55:11 GMT, got status 200 and content length 1548 in response time 1.185ms
GET method to '/css' at Sat, 11 May 2024 15:55:11 GMT, got status 304 and content length undefined in response time 0.715ms
GET method to '/js/registracija.js' at Sat, 11 May 2024 15:55:11 GMT, got status 200 and content length 2004 in response time 1.814ms
GET method to '/favicon.ico' at Sat, 11 May 2024 15:55:12 GMT, got status 302 and content length 30 in response time 0.837ms
GET method to '/prijava' at Sat, 11 May 2024 15:55:12 GMT, got status 304 and content length undefined in response time 1.235ms
POST method to '/api/korisnici' at Sat, 11 May 2024 15:56:30 GMT, got status 400 and content length 212 in response time 967.282ms, body: {"korime":"Recaptcha","lozinka":"123","mail":"hawoxak674@bsomek.com","token":"03AFcWeA6aC_3OvhNxnaXC0Qs5GMlG6R2EwvEOxhse7nbTcjYs3Y-hT4uIaFNfhI7s5BeY3ITuZj2Fw6ipV9-eWu0fnhGSJALZEvNE-20MP7DGOJUWr2Zp3KLWqWBxJuxSbuoAnAxi5JptV31PYJ1OZh95p_s9rGLdoSLerGYU4KpV2fqHYQE9sWWnv6aCTlTyJpY05bP8rPWHohUqQC0hKB5mm1DKYfzjZ1PgY4RQs7i0UIs8RAvABWwC-Rbo7KVEMwTmWc2y_fEcyNNOcFlcyLd_UZhpamwk0qfXT8YXtzsbhf-wHNoCuUaVuHmEhsJi9_X6egrVCjv27XP-iB8MkeHyBxbTfg6MsVFmye-GBECKGxVgVx0AewbFNUeD-zkZxeDMqkzSb1uZmJ-yf-UuG6runJ4cV-S22-WjVVe5w1x370bSjlQZZKh6ZGO2y4C-2beyLbAgq6sqnkcFp9mibnS4oqXCj8YxrtpQX01EK87I0Ik9_3f-7usr-fAldzhXjNkLbytBVPLbXvQTFRIociZz0Y1KMniec3yx-oFWlCdAe72hwMAV8lKObZmV-a0iKaqnH7wnu_fwiU14VoYRm5oPD1VqkjjagdKr0lxat6wLXN_fnkiJKi9z2K9QAPSrarl2GT4xVKl0XFQpSQUt5VLAyJ3u1HhvUVGW-kA0qsJNfzDJA623l94WlOECFeJSEAm797_awIboZDw38m0SSYNKjgJn0VhAB2nQHLY2Y6kDf3aOjjrg154YpWVe0U_g0PHrUs2GYbNLex7pvq8Iuy5vWIJ6xKrDEVn4N32wY-l47CfB5vkayXDLnEJncZmrkEoFOoDQTIAz7zcPQdQszN_crI8JHEBCRl_mmazcW89lOkUJIq7OC93e1oI3kPjscuHNaPmGX7oxOp9qBo-wuHFU4I_avOqRBFbhZXT16IHEmve7Sog9br3wmnlan9EdH7I3Artz1QzwzhxbpaK7AjIneZwu6TRH4uUaGMxj_Yf-FEnJP0CMVcGNkJs_NDDzyBFS129mYcntiKVuFjHVBPOt2J4d3pwu7eFcYplJi-Nr4MUuqkDWPZvxYlEGRQpgQi1Dh2vCgF3Ne1s1Wf5WKsJjrJtzbQzU-GQWiB6cxMacFD7OxCApn4kp5MpPXWWpOMXzCZ1GdN0m0P45sprHABm_NKOKqsU2R71o-IAMZq-gmewtd4w6HhhL99N512h7g6S3aquhkMpJyFn-awcco9vfKzlEgHGxwzfwFVhIc1ftwEI1o-EZlKFYoH8-8geVf_x3UxLAR4jZxHfxMs_P-LUWlDuQVd7vgwVQQZpSFuFUN5HSBMn1gYD5x6W0m2Wm_9ykY2hVSW3w5v1aHl4_5P8XT7PXPaPSRKzc0_2yjOq2kjAc18Y-m2uNIru_FHY6f6OiiK73KrqiUYx8K0tg8pDLaZb5SCAawSBO1CdNMKBYVDI0fopC16g-h9c0wBHULYw3nOeG4BJxfYt7Jjbu5Ktj9PpN97Os9PkxuKoTjA-b9DLzoZfDAtUG1A9hi0ZHwnxwlgDSIeTAAPqiK6nE-dQDuz6owr9wgOd6TMyfqZ_9D6mlV8xQwTuaezx5SbeuQwkqWmAJYlM_dsmNx5kIirGZeZ5Y3M1pW9LBArPIIX9NC89UU4OCPTsBllRhEVOsD-cSnHPlGGt_yyGS4yQ6Swj6w9cl0g4KRw"}
POST method to '/api/korisnici' at Sat, 11 May 2024 15:57:05 GMT, got status 400 and content length 58 in response time 163.689ms, body: {"korime":"Recaptcha","lozinka":"123","mail":"hawoxak674@bsomek.com","token":"03AFcWeA5V758Ju3cGaNRE0ugoWvpy1t6AFs6dGct8w2y89X-cYDdIOcgxfNlXXm06WKXuSY_W233vZJc2ss1_yJT-SxhyHXVZ4EsCoRziHNoVjOXvsvFICqZRebK7jQ0F-fxdf_QO9yx6ilLhsYcHxM2QcDtN7etCgPLmmsUYSwZOFR1poy7GeG21knU1TUH6eCwk2JsNDLwWeZgMtmdZ1fCPIu_D2t9LGDZGlzf_3CTJ2eFoO4Cz3gdLxQztOSRRfULzni5fiC1SL99bHCb8joN2bJa0rMsW6fWzPPQMFMlSrc8quCWcrP2D4sCcQ4QnFHrPdp1nBSOuRDH8WNGPwiKD57-2kvP5lx0o0wDizki9blN-DEIbU8TWdpyZnWPORc0jsSdwXiMhXiCXZP2kFSS3kpUV50iEFPHzGgPCXjpfGEdsHx250G3fu6Cyfo0JuhR3qqtx2xJnFviWPqLHusY8sX2mkzm45M9jMRg7eMEiJxBbuyDoNitC5MPFQSeW2KnVi328wqhE2g4a-NDUOy8XkmO9MAWlu1RqbH4W_psvbxxF4x-Psjn6t-plJzJ6MI_vVkQbRG3hSjib7NAugETjapAHHl2HPdguuAyYLoe0Yy7jmt4YJlWAgpMf9LqNT6c1V7t_PAYIAA8NVrwN9WiPB6DtgckzXQqZWCayrJI0FifekiZGihTq-yfINWBqhzUJ6lrS9kn7FZ1kjrDXiBzfUBCG70qHgv0slX9UHEJdIBs1g_SIElTCXsFxA2dbnI0KgPt5RNzXgJdn95LHIQix6k1BIMKwTBzRm2O1JThDu1Wifv627k4_h1t8-eo20A9H9kLBObTxVPRL154NLI74x5cAnMwcSwZjm7kMp1r0mo4pDjbOi6fHt_Elzawy9ee5hcp1nPJ_zbh9AQysp62oNx8B2xHVHzXZW6nCMXZfrj991cV7bjxaxy3ZpVODCZL9I6VGqgvf5oJi4u6A2bCUNFnMZPEREB4clIq427P5186hkp9jHmEfsmL08yhghMFODkUacF3uhBO6lf3mgNTkWdK5VmOB6MAKf27PQs0vFdlC8CwHQoZrrX1KSw1GYqE9B8Z6vRWl5kYBqNUKUyUU4FWfBmkdGTgREATKFvegdfOtxM14VKTu9hSG4TZzamj6WD-jQAW3tvhz4nw5QsaHbmToSzxLshpKoWZzqOIwV9Xih2n34ZgMMwaLH87GItmBtjAVFCR_SO_VHsQ9VYoB9lzWYTBCCDKNfD77qbzhB-vmTyIUoee4Fkc5m6FyUDW0oN7TydT-nPm7_qMNdw7lP-DYKC0rzfSqQq6NxN8bFfxEaEofs258BinbiDR1JjmFIAwLF3HaPQ5H1kxeFU7q5yorPG7DWVMbPuELaVPLZ-mP_WqDXu7KqjfMQLbCrtalEWYFSZ99Q6dbbtv9nmh1TjXGqyVz3stWE67RCvhh0BLB11-FztKK5rtTTPCtT9BFfZl0Ay9nLcSMRqOG9b8y5--H6INXqsGKMK1dbOWiafVxlqi6HrJTmj08kFwv4jESQ1wgo8oJZmcc-QDeB0NzCe3O83S75H-TVDXt3oCeL3gRR_T0Lo541Dg7jvVOmI0-LYdR0SzJuSKKV49bU_Ma9F1I9XoJUDNCOHSLVCvk6ldulI40ZPL-yVG2Ta5dbgVOIbONNcHK552EmOUAa8rGTGEookEyyA"}
POST method to '/api/korisnici' at Sat, 11 May 2024 15:57:15 GMT, got status 400 and content length 46 in response time 146.298ms, body: {"korime":"Recaptcha1","lozinka":"123","mail":"hawoxak674@bsomek.com","token":"03AFcWeA5usf00TgpYZnhWJJn84csmHO-O6ajclEUEml2IWTjru-IrYkg4c-3dkaUu9nu-y0Wu06fHrkw5tHVFrMZ5YCF5GHlUFWVbbCjFWrXsjz7k2xtkFQTCTi7_MRBwDxeiCcpHw3GB38z1VHFySwkWuZ-j9VWG9zYtIVaUvAs752yiAtrlTLYiRLXFbAV3i0FQhkET4u01vbp32vRkhQYveY7n9Ha9rXET-7R4tzzZyRjM7Mq8gH9FZH5n0AelvvMb69CEM02Iy828EBJScRj5bPjr3PPHalp7WxNEZNBvF3xvisFXTz5ORwbZwgz8NYllXBSpz2IFFx1lwWxjlb8APcPo0OOBXDIqPCEWODZJs6cgh2rsbUbffcyHMhpy1sh8yyPWnZN4SrdbLA_kSNC5c4Iop8w_6rkg7R7NJY8sj1ikMn7RjvwGhlO2HMP2vq0TQzbvElgPUjQdof6R147ot6MjoRiUkupJkW39P-qP6Jv0WHIT2ibuf07DXyAt872QAtN-c40H4E6-Y3XCnIWWAc0fkVcHcr0yItSAGo1wWM68Mn6OSIpHpj5BLatEQA-tKKs0U95RHTOcTD9UIbIB_NE5b4ugLqgO4yjhXuRkBJeWFBXbApI3EocASN6kAOjt4W6YjILaZT78f6MmBAHG_6EYl2t7G90Gp7JRi19Neu4FBtREO25o9gTf8LxWX51zpJwXdMTuRTf3HS6h8NKrsB-TIjobz0K2GhObFceKsHha74pFdkKM9yBCqJ8cjxG28_b9XUN7jkGZ5x49-s6_beTMPEzZbVLo0xyOAf5fu6ak3hknU3LfRcCcX8U31OKXnAIak4Pm5u-hGSgRQopsX3ZIJ5_CtBFMG-7MEoSTncQZVrOHLckXr5c4xF_3OEv82aeh9CnXywSBmXS8ygKwmzxCXdk7vNSqtWfEOckOidV3I3yLDro-Zw8rZuj8Wb4cAbTHKDktLK5BSrMVfrPi9WEfe4hYCpLFk3SWTc5jbAcWPwFTJWFjmAO2HNz-cOoNvCpcWona8FoaqDgK4npzSDNn2rIP9Mkwu8WgFo16pboTKigQXULZTI8he0by4THee2Zlr7IpFFRfBiZ67WZo83JP5_rVOeds7KWk2f4yMrxk9lrz42dXfQWZVmAxwwATryGTGlbAroN2snRxME_AJ8wSuWJqB-jgt07isuYlWkdMKgQE6o8Dp_jyj0wjBfaM1kry3T0tddh7XJzUc7JiF_EvjpONzNEC8P1mfJSNTwo3M8ItXxA6DtThlibCY25jpZd8IZ2ML3lZ0qcZmQvKrniGkbVfOiAQPBYUO1CcGyEM4HXZN0APDJW1qbWnn6cr4QlJcP8K_GWglIcZ0CNwKKxwyPOMkZ8L9c8qMufsTpi-7Yn3H6PCglYPjOtnSe1QZNRy11uemIUevt23hrFqdvglOO6LvcFnqV2mlr-QZg7Hc56aqcPsI1fkBTAScLG-M4NvffUn38HhADckryDMFAfy2SrIwX5JgjHRxUb-kfR5sicQY3H_4zwvkvZoptLa72xbpxR31HxstWpZM1myJW2vXKb2BDeD__nXz6xvmPJZfdnsOPwQQLZwbYK4W9D35085x7U_mfysvUQznJlTZA1f73Vd3S1pZLWGK0sQrc5gv8e2gP9D2ScB59VErDdPw8MLlyJvXq_LL7lmICXvnT4PNlmCHA"}
POST method to '/api/korisnici' at Sat, 11 May 2024 15:57:45 GMT, got status 400 and content length 213 in response time 668.638ms, body: {"korime":"Recaptcha1","lozinka":"123","mail":"hegipi9149@bsomek.com","token":"03AFcWeA5zmTztdREnSb1IWYfgk1C_vyLICMVmqblACwvSbYHAXkKXn1rF44HXF7in4Sx7B04qOSMq4OaUnYm31zwV-rfbC7f-YfxwwFt99odnpxLStcy2MYVojdlGmqXJwpMT-eTDwol0UCfVTVOfQlO--EhJPt2h8963xhSp-YFHKmigKJ9IxfdvK_7weVmr7_-MGBAJdl8_5pMCrPsLC86I-Tl9okZBOZ3D2VwlR-DqzjauG97eeDXOEFmarHeCP__4m_GBHFOJokpyTn6cZiEJoiPynEjSTRkjqm3J34-S68X5_R2ksNchgu9uvpl89nbq7cHUxqXtJxxm41ks9vpb8azs9L5SCvxA9bPriU6v9v1iHswu2EQyIWlmEmPBkkgSLsecxNJqFKhT14hRSGEZY2km_isl_DBAzrixrBn6D5O6SXrqICWQOKZHBj8V2QUPGxYjT6MOuuSKNwqiUYG_npQXD4ffxaPQks5k-rIGPMTkgh9BoqNUH5j8UfaNXQTe3ArN--bzrgUMUtJhrb8PWRB3TMkja4dIdVWBbhn31DU5SAVdAax33P407UQEBH3qZhr5itOZ2k6Q3aww15W7fyKMV_0iSEv1WW_0USIGuDSeidP5LcJf2xtcpMNOGBmaEAn91fXIh0qraBQr1bwJVoG_hFHIN8Co1OYOJd-sey3ejqWJOYcemHFxRrZtBfLVZSqvio9d1JJ7fwhDvHMt3j8uD79MEfcVh9ZJD3rRa2RjcHDIjHOWvDOJK56H0goevVPbyDouj2_YQIMUAKNV57XtYP7uxhf3pmEYXJ_ha3s5P5TrDDveRk-h841kUMBSQjDhwpi2SL1OsxfFJ4LBA59WKyxrf6et6QARI3TLEz2lB_1V-Fy7FbffnJQ-AYiwsevu9qHhDNX7loXOEtEgwZ72nBKhXdw1nYL2thHKuSbwTBaSnrn0q9b7RSRnEmhIzsHJc9VdmXAq9RZdO_VnCLhMrRNrTCRsZbidyGdHy2hQSzQQ8QUzVJq2q22tVClHgW9lT9i1a_9I-OcOvhqHJsHWUx0Xvy9nCNmcxV2dTcawfGVjsSJXP7ZgRHsvOyW1to9AUOLAXrbcUiXnBBGtK4oqJwJgYr4Gfs4tAe0a0akBuzzn6n2gvvplkSqH6Q4aXrW5h4GNEK-BVCSEWw1oYQF1e2RwG3KWPIxeKjT_83VYuM0GPCyezs9uBMHAn5d3g0Y6CM_TymSzR4xBB2Wd0OdwvYwW5C6HD-r3WxBgRVi6FXscrseybcgEPrPZTtzW8rzPu1JDRyv-EqzYAf7n67QB399hOoqnqR0UYbgJbO4GLrJEET83zp0GZqV7ogwpqbOz9FjM9aT7DDkiYBRKvtbIwLWfiBTK3qWuqKwXTbbWBHZwrUR13sdi4F05uUVt8kB_Zu2EDDVJbqEoj2yjG6QzZmcjjU-atl2r2y8mpPM0jSfzW_HywTOYdienGJycIu_0Hisx_UWwwMlv-D9DrZ7WdYTJpKt8mWp3qEDaGnb1l49h-iHjPj6gQEz7SQJu3ccSSfX3MPhWeJ4uVo7cMSmqxRxcmdy0sqCaSSaL_eLCTN2PeyGZdGFB0zS5QnQTddusWoScpPCXqL7vAYbhWJGr4IqCKqlyOgKKqtM-EdQlZCAcEO21oCNaYrPPTbQxWqFXAyn3N7zXqQO1sljgVazT6vX-eA"}
GET method to '/' at Sat, 11 May 2024 17:28:32 GMT, got status 302 and content length 60 in response time 3.660ms
GET method to '/prijava' at Sat, 11 May 2024 17:28:32 GMT, got status 304 and content length undefined in response time 1.967ms
GET method to '/css' at Sat, 11 May 2024 17:28:32 GMT, got status 304 and content length undefined in response time 1.903ms
GET method to '/js/prijava.js' at Sat, 11 May 2024 17:28:32 GMT, got status 304 and content length undefined in response time 1.068ms
GET method to '/favicon.ico' at Sat, 11 May 2024 17:28:32 GMT, got status 302 and content length 30 in response time 0.831ms
GET method to '/prijava' at Sat, 11 May 2024 17:28:32 GMT, got status 304 and content length undefined in response time 1.138ms
GET method to '/registracija' at Sat, 11 May 2024 17:28:35 GMT, got status 304 and content length undefined in response time 2.109ms
GET method to '/css' at Sat, 11 May 2024 17:28:35 GMT, got status 304 and content length undefined in response time 0.587ms
GET method to '/js/registracija.js' at Sat, 11 May 2024 17:28:35 GMT, got status 304 and content length undefined in response time 2.913ms
GET method to '/favicon.ico' at Sat, 11 May 2024 17:28:35 GMT, got status 302 and content length 30 in response time 0.650ms
GET method to '/prijava' at Sat, 11 May 2024 17:28:35 GMT, got status 304 and content length undefined in response time 1.114ms
POST method to '/api/korisnici' at Sat, 11 May 2024 17:28:52 GMT, got status 500 and content length 1420 in response time 0.951ms, body: {"korime":"Test","lozinka":"123","mail":"mail","token":"03AFcWeA4et6o57MSYzcHEF2WSIwkwzi0LCEr5bYsN7riYiKc7sP0upjVdnW1nZtwB9_Lzzw7r_PCe6bffsWKB_ZeFusqek0iKmi2biF-0J53ys2ebpGdktkU2wBTpg2uKdj3U3rFP7egmgYj6VH1SOr_FbFIXBkfiLogyQCBb78LI9p-XeGIDHoRu3krsCMcLCNXfI4l0Wd3-RoQ3yynIFnMJfJkNgi5jD_XPqs1wEN5MRCyX32n5S3ptSMr1Bd2ljSnPK1fhL6OEL2soHYjYghxxVY3TNOKkwZH4XsSrzLwlY9KcDfjvX2EMRABLTC7xdduzlVGw4I9pLClccWJTbGlaWTNvIcbOl8IW-iRvpVhjZMFgVDREd-Q440RuYXj80yXu393Zevmns44c3gzaigYRJiaCQMyKOWk5kaxzYxHgusVh2huKKqyLX6YDa6kJ9spKiMF8X2FVs_FQAv4mqrBnZYK7OKDChgavxLIObakfbvTSyd10lHVHH1ISe4iRORAuCibyG16ngR_UBw9yG-F1WibfCYvRDbqfA7a9514lwahIXxPTcFsIsyLrgHaslXs0bR5uzmier0TxBwgr91il49SMd1sNmRJn8H50tUVnVylefu873MU-e1JfsvbJNaEcEYTKePMIUKRUJ5LJK7khaxSoEPkFPLrQDbWEDuoWBcG4Y4BK10cCeYyiFijbcbAG8UhOODta-OYiJ7rvRrAzDiSU_GUhsFprnJQw-9aDphsIFqdtyq27ysCafXguINnx-DIDgppWuwv6UokFCMw2_nUFvj_ITdYPeg7puvlGWhtGgYUi8YU7sMn0kV3G5onykFfhA5yCkoScO66E1BJK846z3DqHGPb-_aFSWXXgfMtH3mIascLP5VuNNL1zRHpFMchz7vqoIv_nkJyJrJM583xY0WbQ5-onkh2ydL8oxwE8IWt2bo0r5U--ZMh11gDLINer8LPo6lVl9ufzGhGVGZcI00_y_4_1vPrfxPsbF8df-wqAIH5I6Wsvs5dUuXgrtl4wogztYAx38IUOyrhcwnaip_sWijGBrW_MOr89IoRvxBZR5syvDBc7KwGDY10zaUZ-Em8zhVTGyhDqNpqG-ZT0xcSXKCBjNBwaUXnUgXSXaADR2-0xJIB-ZQHxxJ0Vbev3q3VBoapvOh9oAVakxn7KstM7fn54e3dONC1IoKCzqyKgSkxc8LGYKvO7Ef7ONcM7ESYY24j2QU7JqaJVYxfqLPChpGR6guxnj3ypWZK08Klek5D78of1XiAR04EfSwFy_P4Nz0mDKwyvFlfyDgQdPtlS1zC6rAbzACmkh-_2P6ANM0DJbY4mwpUU4-P_ZC314FD43WcKB6sEwRlsTEEOIc2jO8l8f7aEj-1p7yVsS5pvMJZcmAya7XGDDJ-nvXwzGDYGFW3JTF9bzJe0QhR89MncFnyn6b8CRlVwhmvU-D-iJz6u9m4JpHeTdZ1S7k6xc4Cl9pj8TPMxRTzACELSB4T4ehqxnkMZidQRVhyO9L6SMyGmh7fAyxAtDrtilinuhJhPRoacrK90Qa7ymXycLmc7uoybeUtuJvTUGbzMoGODKG7U19phi5GrGvtTaaY5_Dh1wT3lzv_dU0CAvEYtcRMSS52Fb2jMVSdtshMj-OuRszxgfSI2fQ3egQNJPLYSSz7QYvAsbpx2YPvNq_QGG2xyPQ"}
GET method to '/' at Sat, 11 May 2024 17:31:54 GMT, got status 302 and content length 60 in response time 3.784ms
GET method to '/prijava' at Sat, 11 May 2024 17:31:54 GMT, got status 304 and content length undefined in response time 2.076ms
GET method to '/css' at Sat, 11 May 2024 17:31:54 GMT, got status 304 and content length undefined in response time 1.727ms
GET method to '/js/prijava.js' at Sat, 11 May 2024 17:31:54 GMT, got status 304 and content length undefined in response time 1.214ms
GET method to '/favicon.ico' at Sat, 11 May 2024 17:31:54 GMT, got status 302 and content length 30 in response time 0.778ms
GET method to '/prijava' at Sat, 11 May 2024 17:31:54 GMT, got status 304 and content length undefined in response time 1.020ms
GET method to '/registracija' at Sat, 11 May 2024 17:31:57 GMT, got status 304 and content length undefined in response time 2.172ms
GET method to '/css' at Sat, 11 May 2024 17:31:57 GMT, got status 304 and content length undefined in response time 0.724ms
GET method to '/js/registracija.js' at Sat, 11 May 2024 17:31:57 GMT, got status 304 and content length undefined in response time 1.477ms
GET method to '/favicon.ico' at Sat, 11 May 2024 17:31:57 GMT, got status 302 and content length 30 in response time 0.738ms
GET method to '/prijava' at Sat, 11 May 2024 17:31:57 GMT, got status 304 and content length undefined in response time 0.905ms
POST method to '/api/korisnici' at Sat, 11 May 2024 17:32:03 GMT, got status 417 and content length 35 in response time 255.374ms, body: {"korime":"Test","lozinka":"123","mail":"mail","token":"03AFcWeA5_1p9KBdLojae6elAyvEoBKJbGEqwHJLnJlKFA3Ys1Q1W3_ywq3JfUItoxl7GnIeoUTdz5JD6kG1-sVh44wNKty7huHutmoCXSs1tGVr9vrgVKivfPfwziWpmBHt-dG-zHs9776XWf2mNR1WXOdOHwzQimpQNoUbIIdGrn0hooG3SZUuIo0lFt9rguPbsm-7AhfVbABKxz05Shoo6Io1027GfDAxmi6MHHOrUP3ChFPZbmLRwRc-t36fG6ZUElQuqw13s6DepcUmD5FKGRun7BwL1Gfe4rgy4pUW0CpBoJYwwiU5JtFnOSwSJtVAoIFSlrfa-t6d6PSuvQTzvnd5S2OW-yxZx_gkyjziC4ULaFLFdCQi2F8oxGVEeqTSpt4teYYq4q0yYgKXlMLFcddBC4RJAqR-qTRggM0OH8zR8bhNzhbap5QV7IZ-wJii1A6hfFfbv7wv6jCYboj9tsMvEZVWuEzR1W0A8zfkua9GS7xiviy51rWK6M-xp5CmoMW9gFSteTue_oHFJ4g2hZzVGfsc-kdxv5wGr7MWohjkCcOFPoq4rwEMwihkx6Lr1fQHqfYV-RrJEPZcB8Tt3WegmoviwHfhL861rj-alP1Ee6vEx09BYgGeLovc7AsBNAusbdRcwcwRqOGPicNFrZOjQmZq8Et8B9TZtWu0nTC2DyYZglEj2NdKiFVXOilpV0i-Z-xr11fwmjIvxLZPK9Wr1vD2s63Bn3j1z7wRcvBmsNyDJU4SFbq4YuYUcDCK0RK78CpbqMUnGQFncvDik45rHa2_4yJQsvvY5qThwoXFB8RhYU8SbjCq-GgcXlwvyMrYLFpbUKyuMzXDzpG6LT1YtMUhlmfjttnXUUi5tXF_7JuRtQWNtl2hU4-iBIsA7XBnL19Kx5e-kaSTE21pdA67AXfH0OlkE0GB7nLYavkg047k8lJM3zVsheCNDhTmVD7XHmSApQfQcrz0z744YjAQlyu57xWbA8M2gZiR0QCRsW88CdF8bz2YZS0FzufccJELvH4Qx6K_0x89sHL_-kH8672m4qFNZHTcHt9771hQy8Wmlb26hnFm4T47DN8DvV-fNfol4HGi9Y3Wt8y85TmPI7HtZQVStekz7Lj7x_dZjTg3nRgm9HNYfqts2c5lx_t-s9iXyWPu3vlyzzf5DNzRDngNJ4p5QJVfTa5cvZixJ8n-gQ1insfYJK44u5-npreQeXGRCnH3-_oVqw33nUtZ5g-2g-Q-McypYmzPWRCUeVgfW-AjDSHrLsluNtzwq2FPlIwu1B3gvfVwwBxyQQ_Cm_dXiB-j6BBJ-uBD8USN_tyixePKLObVODd9MaSGWNp3VhT9WOlcyjy_jN5E3b5nt9dDIyrZjZDCQ0CBOTiM98ZqdJOk1PAa3NUTEc2dER0PvW7jN292SjrM9rMQPBvAcnTGP7Hn_iZKURXMQDEKZBHw_fHzOIC3Z1NMibzVOwRypF3s1soqpeDlMoAdDU9ne7QdnDNpydHSFjraWR74tx4sJiZf-3mvAcFukBQuuJyHAOIoHs9V6JUoaBL-MByRp7LwuQlPuOq8xegEPAOirJt4BbnrDl2PNMF-XL7n1nenNxLos8Wy_lSNKrBBwyopl-aQkVB0CKgNIH_V3L3DMoYI86iLqRbMs2Q96_xAwQXZ0iCorZN6FtAXpoXhS3aBlWjyyztQ"}
GET method to '/registracija' at Sat, 11 May 2024 17:33:21 GMT, got status 304 and content length undefined in response time 4.011ms
GET method to '/css' at Sat, 11 May 2024 17:33:21 GMT, got status 304 and content length undefined in response time 1.796ms
GET method to '/js/registracija.js' at Sat, 11 May 2024 17:33:21 GMT, got status 304 and content length undefined in response time 0.541ms
GET method to '/favicon.ico' at Sat, 11 May 2024 17:33:21 GMT, got status 302 and content length 30 in response time 1.538ms
GET method to '/prijava' at Sat, 11 May 2024 17:33:21 GMT, got status 304 and content length undefined in response time 1.195ms
POST method to '/api/korisnici' at Sat, 11 May 2024 17:33:28 GMT, got status 417 and content length 24 in response time 224.692ms, body: {"korime":"A","lozinka":"A","mail":"A","token":"03AFcWeA6cP-CBC173BJS1smnzz2tx-4U4PHZJ5qRj8y60MEG0GnWItE3QKX21QtrTgbV1OmWKGqpR53mzGsOx8nBWmjTpMdoalazFXv_1NAPYNDWzuTp1fsJjvWpOreikPt3oVdsK-a4sH0MRSnBhJHV6AA_fx3Pko8FDSix_tOI1dtrA5_hJYikvu6lQPzBBAPgISgk_gX1FiOp3fIxHRrjr7XI8RlT0i3371n9eyhqUVZa1yb4Zj6aLycZHBYAb6rhytefh4pXXOlLMkuFZ8ix6Eq0VAif8a45DbkhKpydHl-1Ri345VyJRAdUXPL2tNHmfrznrIMxLFy750LYE4rd4JQ38fGvZYKfYyHe0wf6n0ZJummya3W5OQUeifHNxF47KO24hrCfhqm9fgh7e8_B1vuqq1RJOm68XoG-BBaz8tQjOMqcRA6lPwxCX2NdXocwNaAUTf5qpwKGvbnZyiY6FPyDXvoPLW9xxm7nkPziCorKB1tm3Bf3nEKGOVY_DaxQhcfrenuDkAXKxQajveXcQKGwUQjxOpReDtEt_HAGC-dLW9lDv_LEPr_BeYfAaF2rnIAF4rH31I3W_APpNtNmzzE3ejDvlsZVPyvstLOHsjd7-7QCw-hzve-B20T2hb6E35B1j8Fwd6z1LibG83-L241MYDTzSYt6EGb_rzugYc9IfRZdsDlub8qLpC6eCnHYL5-SHR7x_RZ-ds84nZQvCLEOhHdbC96wsNrzWnLouU_QhHuGXbxhvrLXRsvvwlCV6LhQrhyqw-BnCD7wKNhEGw-oMH-__PXDkgVEZJJzIhvATmDr4Qak5L4eds1H0jVmLFCzMTLM5q57IOEX5Da2p3HmC8snYDWbAushtVHgpPaWzbO-yGHJO8du7JHg8Tc4XRiBiaAHJTg8b5ug0fd-IB17ZO8_ouBh9hI9_ZK_8nvPxTsBcg-OkC2bniFnQgcUPkjzb8LL2Zk8IczRUeI77ujwFQsSu5h91wHRPpzAnu-AHtXfRU4NCsta_lbIJz6OyZ-cnLrjXG4zVqHfCTx1t3kMaVTB2-KBtZ8Fb3Y0f2PzTomZVFujwaA_W1UBXVhUjBurkrvbXnRM1Z7t_TH-mOy7wDU8I74y7CW2Oy6fgamriSx6syk-Sg3_ztPHrLs1MCVu-3NHlSf5GSz3S20Tg-uCkK6ESBkks-3DN-1wp71O10Dyef11FxzuvmLbB1P2-LtedI0gV081jKqCcAHGyFk9_fuvBLiGeBDjwOy3q6Fl8Tip-mMNWHqcjN4kU8lWId14u4S3dUIPVrT-GEhlfuGtPpeuLPGO4G25yQRth5sOodk9hjwEHsMwuGmSa9iNohvAyXfXKVaHHmBGnf2bMBui80sD-oIqo37OZrY0iIpXLMNhWE1fqNW8n1fkt8u5erDczOLxEcG_BGQOABjay3BBb4L-wBOBNwGDC7kWf8eeoWPnJu1pShG_qOHO_QjSjyQtp8rHWAZOQ0G6veTrecsOyfw9tTByhofySo5fqRJPhjQneHr0B4K7YIihHqBRRNvNE1-iOnLZQIUs1OHx4Ajg2TLsJxUQk6tXKcxMJskBgBlHKg9q8ySaBoRphnrGb9xucbbTBlPD0wa0CxPqtUVbhEFJvzUTIMGjgr4-TYRNpGISizyo-UvSkcpG4g4eWdkSBdRZgcHFljMscG04577vIET0tsQ"}
POST method to '/api/korisnici' at Sat, 11 May 2024 17:34:46 GMT, got status 417 and content length 24 in response time 162.797ms, body: {"korime":"Robot","lozinka":"123","mail":"nacowe1860@facais.com","token":"03AFcWeA7mT8dONblcvvFFeHjAVEEbKw4a9sELlbaC0JUlY0Jx6qJWIht-SQNLSlmcEQUe3sssDhwYPhRqccLv37S4iSeoAtoHDqVXQDrs0GM4Lt4Gx4HtFSm2rn8-N8GTxOmbw4TGwPA8vTEGw0IXDpilYMrYa-u7vzL8L5kegkloyt-cEMTNBulq10787JoS_qlrgW9_vJss5pduvABYMVJta1Zx92Z879frKCydP7lRP0vR9hjwxo9sBuw20IaVMosNHO4yF440LIT-4wCDOnKBSic9_OPw-EcqRbJ-5u8GT9l9xfVvcta1ct4QiLynS6I_aTsq9qtyYNgwqfvPkGii5n2aFkikgc7K2DiAtHFYMF4xKV8TjoAD1SVIrj9CmrnSjIeKjcmIBRR_87ftsvQOm0qJTQR-8baGQOp-4NcjShNaOPtYT2a4kIr7LGm4z4FMbvRtEC9xZMUxRRI9pjFwRelSBGueH2kS7DAjl4b_iui5PBvt9UCrD87rhFejeEUEHFWrPIO8aLcxLJ3Vnceg-oVI8K9eXwe8f5V_o5AvorQ3_79buObi1jlH1nZ2i93Uu9Q_f6QuaEqnaui8-nN_Hmyz6Vf-kYG9WQOdPtUbI5JEubF1xbf7-a_E0tha2QAEMl6fbWyhAxWEdg4yYYADYiL34X9Qo4EnpxAtOc18PNbLah1dVya0Jdc4nbw-ge3I-13z-hoWJHIEbF7JzsaUVnuaLyZo2Zo-MTYM9Q6qy-wTkzBC6tmU_y7kcqSNpFlDXfkyaIQuJChXXcklj7t5_YScHJQ9EZZDTw18IFmGAXoHOTZkw_qg75oaka0kyYtqz4gYnge78rXFL9yAQEdOjIV9Qyln94CD9nn2VPfEjv6m5M3S4u73Fs-dybj4OQe8pEgqZlr44KugTWmkyv4v9VoPe3lerKjScV-bzCw7e4o2EqQiMYyMZFIF7nr90XIeH97wtg4GX0TTXyvxJ_lPrzXaT--qu5xL7FZXMxNTrrP71VMwzGQMt9dbhJImhyFPWjatQMaDHA0epYjnJ0NILtu5CFbU-6w4WqtyhEnFE5YLU6C9GI8_exZq0X6mk7IXJnIP4Z76onIT_atzbkREuhcalXkZEkddHobfEpCFY4SPY6ADw-hAM2gUjvxqiUziFjh1BGFQQd7E262Wvq1Q2LkQYjp8ZCKbQ-qqIQkN6fhMle4E6UmlhVzrmbGlaCq21AtqQDNwprxGdd6kSju4B35lAm_1tkX4758demiWfNvqrYs5kR7zlkU39_537XEeW63ZlQllMm00-4OGstDBOY6zmuOeX9CeIdn7vm2gvmzNTNR_VMQDyIS5OsmDKP6QKE0Nmq2nCHfrsc2_ciRbVaM25M3UdLgKAN57uG-twMguo7jpuwfcPVPaMYr-qoXXo5tkGKVrjsNj39owOw36Mr_putYXdejaTwKwh3xKQXGDwsUvPJMP_IIlNaGWaRSbdqgoEtoCJ_aGHXkYwylEkf_GQFJA_tHEaWG_64HAn3gbgqBn1Z4O8Dp63rorWne3XL1NYf0luq5clCCDSubJfQxv2OT468P1rMFJgle8RWlXV3ote7uNc4tvnoC6RUBLnobetGx9smx0n5GElQRd3m9Ocn9ZN4brzssCzk0jOta0DSOiA6CFbYO_TkWtO4QlDXvs01FWOBswnM9140Mub-BofXlzmg"}
